{"/opt/prismic/back/src/app.js": {"path":"/opt/prismic/back/src/app.js","statementMap":{"0":{"start":{"line":10,"column":12},"end":{"line":10,"column":21}},"1":{"start":{"line":16,"column":20},"end":{"line":21,"column":1}},"2":{"start":{"line":22,"column":0},"end":{"line":22,"column":27}},"3":{"start":{"line":24,"column":0},"end":{"line":24,"column":24}},"4":{"start":{"line":29,"column":0},"end":{"line":29,"column":41}},"5":{"start":{"line":32,"column":0},"end":{"line":32,"column":27}},"6":{"start":{"line":33,"column":0},"end":{"line":33,"column":32}}},"fnMap":{},"branchMap":{},"s":{"0":1,"1":1,"2":1,"3":1,"4":1,"5":1,"6":1},"f":{},"b":{},"inputSourceMap":null,"_coverageSchema":"1a1c01bbd47fc00a2c39e90264f33305004495a9","hash":"96a589d6f943dfa3a408493c1932844402fd1dbe"}
,"/opt/prismic/back/src/config/swagger.js": {"path":"/opt/prismic/back/src/config/swagger.js","statementMap":{"0":{"start":{"line":4,"column":19},"end":{"line":4,"column":49}},"1":{"start":{"line":5,"column":18},"end":{"line":5,"column":37}},"2":{"start":{"line":7,"column":30},"end":{"line":26,"column":1}}},"fnMap":{},"branchMap":{},"s":{"0":1,"1":1,"2":1},"f":{},"b":{},"inputSourceMap":null,"_coverageSchema":"1a1c01bbd47fc00a2c39e90264f33305004495a9","hash":"0caa188bd585868e8ca570c2ec6ce83cdfdee647"}
,"/opt/prismic/back/src/controllers/experimentController.js": {"path":"/opt/prismic/back/src/controllers/experimentController.js","statementMap":{"0":{"start":{"line":5,"column":33},"end":{"line":13,"column":1}},"1":{"start":{"line":6,"column":4},"end":{"line":12,"column":5}},"2":{"start":{"line":7,"column":28},"end":{"line":7,"column":59}},"3":{"start":{"line":8,"column":8},"end":{"line":8,"column":42}},"4":{"start":{"line":10,"column":8},"end":{"line":10,"column":67}},"5":{"start":{"line":11,"column":8},"end":{"line":11,"column":65}},"6":{"start":{"line":15,"column":40},"end":{"line":27,"column":1}},"7":{"start":{"line":16,"column":4},"end":{"line":26,"column":5}},"8":{"start":{"line":17,"column":31},"end":{"line":17,"column":40}},"9":{"start":{"line":18,"column":8},"end":{"line":20,"column":9}},"10":{"start":{"line":19,"column":12},"end":{"line":19,"column":77}},"11":{"start":{"line":21,"column":28},"end":{"line":21,"column":84}},"12":{"start":{"line":22,"column":8},"end":{"line":22,"column":42}},"13":{"start":{"line":24,"column":8},"end":{"line":24,"column":71}},"14":{"start":{"line":25,"column":8},"end":{"line":25,"column":65}},"15":{"start":{"line":29,"column":43},"end":{"line":45,"column":1}},"16":{"start":{"line":30,"column":4},"end":{"line":44,"column":5}},"17":{"start":{"line":31,"column":34},"end":{"line":31,"column":43}},"18":{"start":{"line":33,"column":8},"end":{"line":35,"column":9}},"19":{"start":{"line":34,"column":12},"end":{"line":34,"column":80}},"20":{"start":{"line":36,"column":27},"end":{"line":36,"column":86}},"21":{"start":{"line":37,"column":8},"end":{"line":39,"column":9}},"22":{"start":{"line":38,"column":12},"end":{"line":38,"column":75}},"23":{"start":{"line":40,"column":8},"end":{"line":40,"column":41}},"24":{"start":{"line":42,"column":8},"end":{"line":42,"column":73}},"25":{"start":{"line":43,"column":8},"end":{"line":43,"column":65}},"26":{"start":{"line":49,"column":32},"end":{"line":86,"column":1}},"27":{"start":{"line":50,"column":4},"end":{"line":85,"column":5}},"28":{"start":{"line":64,"column":12},"end":{"line":64,"column":20}},"29":{"start":{"line":66,"column":30},"end":{"line":79,"column":10}},"30":{"start":{"line":81,"column":8},"end":{"line":81,"column":44}},"31":{"start":{"line":83,"column":8},"end":{"line":83,"column":59}},"32":{"start":{"line":84,"column":8},"end":{"line":84,"column":65}},"33":{"start":{"line":89,"column":46},"end":{"line":104,"column":1}},"34":{"start":{"line":90,"column":4},"end":{"line":103,"column":5}},"35":{"start":{"line":91,"column":34},"end":{"line":91,"column":42}},"36":{"start":{"line":92,"column":8},"end":{"line":94,"column":9}},"37":{"start":{"line":93,"column":12},"end":{"line":93,"column":80}},"38":{"start":{"line":95,"column":24},"end":{"line":95,"column":83}},"39":{"start":{"line":96,"column":8},"end":{"line":98,"column":9}},"40":{"start":{"line":97,"column":12},"end":{"line":97,"column":75}},"41":{"start":{"line":99,"column":8},"end":{"line":99,"column":77}},"42":{"start":{"line":101,"column":8},"end":{"line":101,"column":73}},"43":{"start":{"line":102,"column":8},"end":{"line":102,"column":65}},"44":{"start":{"line":106,"column":43},"end":{"line":121,"column":1}},"45":{"start":{"line":107,"column":4},"end":{"line":120,"column":5}},"46":{"start":{"line":108,"column":31},"end":{"line":108,"column":39}},"47":{"start":{"line":109,"column":8},"end":{"line":111,"column":9}},"48":{"start":{"line":110,"column":12},"end":{"line":110,"column":77}},"49":{"start":{"line":112,"column":24},"end":{"line":112,"column":80}},"50":{"start":{"line":113,"column":8},"end":{"line":115,"column":9}},"51":{"start":{"line":114,"column":12},"end":{"line":114,"column":88}},"52":{"start":{"line":116,"column":8},"end":{"line":116,"column":95}},"53":{"start":{"line":118,"column":8},"end":{"line":118,"column":71}},"54":{"start":{"line":119,"column":8},"end":{"line":119,"column":65}},"55":{"start":{"line":124,"column":32},"end":{"line":155,"column":1}},"56":{"start":{"line":125,"column":4},"end":{"line":154,"column":5}},"57":{"start":{"line":126,"column":48},"end":{"line":126,"column":56}},"58":{"start":{"line":127,"column":8},"end":{"line":129,"column":9}},"59":{"start":{"line":128,"column":12},"end":{"line":128,"column":80}},"60":{"start":{"line":131,"column":8},"end":{"line":133,"column":9}},"61":{"start":{"line":132,"column":12},"end":{"line":132,"column":84}},"62":{"start":{"line":135,"column":27},"end":{"line":135,"column":86}},"63":{"start":{"line":136,"column":8},"end":{"line":138,"column":9}},"64":{"start":{"line":137,"column":12},"end":{"line":137,"column":75}},"65":{"start":{"line":140,"column":8},"end":{"line":146,"column":9}},"66":{"start":{"line":141,"column":12},"end":{"line":143,"column":13}},"67":{"start":{"line":142,"column":16},"end":{"line":142,"column":111}},"68":{"start":{"line":144,"column":12},"end":{"line":144,"column":70}},"69":{"start":{"line":145,"column":12},"end":{"line":145,"column":46}},"70":{"start":{"line":148,"column":8},"end":{"line":148,"column":46}},"71":{"start":{"line":150,"column":8},"end":{"line":150,"column":89}},"72":{"start":{"line":152,"column":8},"end":{"line":152,"column":59}},"73":{"start":{"line":153,"column":8},"end":{"line":153,"column":65}}},"fnMap":{"0":{"name":"(anonymous_0)","decl":{"start":{"line":5,"column":33},"end":{"line":5,"column":34}},"loc":{"start":{"line":5,"column":53},"end":{"line":13,"column":1}},"line":5},"1":{"name":"(anonymous_1)","decl":{"start":{"line":15,"column":40},"end":{"line":15,"column":41}},"loc":{"start":{"line":15,"column":60},"end":{"line":27,"column":1}},"line":15},"2":{"name":"(anonymous_2)","decl":{"start":{"line":29,"column":43},"end":{"line":29,"column":44}},"loc":{"start":{"line":29,"column":63},"end":{"line":45,"column":1}},"line":29},"3":{"name":"(anonymous_3)","decl":{"start":{"line":49,"column":32},"end":{"line":49,"column":33}},"loc":{"start":{"line":49,"column":52},"end":{"line":86,"column":1}},"line":49},"4":{"name":"(anonymous_4)","decl":{"start":{"line":89,"column":46},"end":{"line":89,"column":47}},"loc":{"start":{"line":89,"column":66},"end":{"line":104,"column":1}},"line":89},"5":{"name":"(anonymous_5)","decl":{"start":{"line":106,"column":43},"end":{"line":106,"column":44}},"loc":{"start":{"line":106,"column":63},"end":{"line":121,"column":1}},"line":106},"6":{"name":"(anonymous_6)","decl":{"start":{"line":124,"column":32},"end":{"line":124,"column":33}},"loc":{"start":{"line":124,"column":52},"end":{"line":155,"column":1}},"line":124}},"branchMap":{"0":{"loc":{"start":{"line":18,"column":8},"end":{"line":20,"column":9}},"type":"if","locations":[{"start":{"line":18,"column":8},"end":{"line":20,"column":9}},{"start":{},"end":{}}],"line":18},"1":{"loc":{"start":{"line":33,"column":8},"end":{"line":35,"column":9}},"type":"if","locations":[{"start":{"line":33,"column":8},"end":{"line":35,"column":9}},{"start":{},"end":{}}],"line":33},"2":{"loc":{"start":{"line":37,"column":8},"end":{"line":39,"column":9}},"type":"if","locations":[{"start":{"line":37,"column":8},"end":{"line":39,"column":9}},{"start":{},"end":{}}],"line":37},"3":{"loc":{"start":{"line":52,"column":12},"end":{"line":52,"column":36}},"type":"default-arg","locations":[{"start":{"line":52,"column":28},"end":{"line":52,"column":36}}],"line":52},"4":{"loc":{"start":{"line":55,"column":12},"end":{"line":55,"column":29}},"type":"default-arg","locations":[{"start":{"line":55,"column":25},"end":{"line":55,"column":29}}],"line":55},"5":{"loc":{"start":{"line":57,"column":12},"end":{"line":57,"column":38}},"type":"default-arg","locations":[{"start":{"line":57,"column":34},"end":{"line":57,"column":38}}],"line":57},"6":{"loc":{"start":{"line":58,"column":12},"end":{"line":58,"column":31}},"type":"default-arg","locations":[{"start":{"line":58,"column":27},"end":{"line":58,"column":31}}],"line":58},"7":{"loc":{"start":{"line":59,"column":12},"end":{"line":59,"column":37}},"type":"default-arg","locations":[{"start":{"line":59,"column":33},"end":{"line":59,"column":37}}],"line":59},"8":{"loc":{"start":{"line":60,"column":12},"end":{"line":60,"column":25}},"type":"default-arg","locations":[{"start":{"line":60,"column":21},"end":{"line":60,"column":25}}],"line":60},"9":{"loc":{"start":{"line":61,"column":12},"end":{"line":61,"column":30}},"type":"default-arg","locations":[{"start":{"line":61,"column":28},"end":{"line":61,"column":30}}],"line":61},"10":{"loc":{"start":{"line":62,"column":12},"end":{"line":62,"column":31}},"type":"default-arg","locations":[{"start":{"line":62,"column":27},"end":{"line":62,"column":31}}],"line":62},"11":{"loc":{"start":{"line":63,"column":12},"end":{"line":63,"column":34}},"type":"default-arg","locations":[{"start":{"line":63,"column":21},"end":{"line":63,"column":34}}],"line":63},"12":{"loc":{"start":{"line":92,"column":8},"end":{"line":94,"column":9}},"type":"if","locations":[{"start":{"line":92,"column":8},"end":{"line":94,"column":9}},{"start":{},"end":{}}],"line":92},"13":{"loc":{"start":{"line":96,"column":8},"end":{"line":98,"column":9}},"type":"if","locations":[{"start":{"line":96,"column":8},"end":{"line":98,"column":9}},{"start":{},"end":{}}],"line":96},"14":{"loc":{"start":{"line":109,"column":8},"end":{"line":111,"column":9}},"type":"if","locations":[{"start":{"line":109,"column":8},"end":{"line":111,"column":9}},{"start":{},"end":{}}],"line":109},"15":{"loc":{"start":{"line":113,"column":8},"end":{"line":115,"column":9}},"type":"if","locations":[{"start":{"line":113,"column":8},"end":{"line":115,"column":9}},{"start":{},"end":{}}],"line":113},"16":{"loc":{"start":{"line":127,"column":8},"end":{"line":129,"column":9}},"type":"if","locations":[{"start":{"line":127,"column":8},"end":{"line":129,"column":9}},{"start":{},"end":{}}],"line":127},"17":{"loc":{"start":{"line":131,"column":8},"end":{"line":133,"column":9}},"type":"if","locations":[{"start":{"line":131,"column":8},"end":{"line":133,"column":9}},{"start":{},"end":{}}],"line":131},"18":{"loc":{"start":{"line":136,"column":8},"end":{"line":138,"column":9}},"type":"if","locations":[{"start":{"line":136,"column":8},"end":{"line":138,"column":9}},{"start":{},"end":{}}],"line":136},"19":{"loc":{"start":{"line":140,"column":8},"end":{"line":146,"column":9}},"type":"if","locations":[{"start":{"line":140,"column":8},"end":{"line":146,"column":9}},{"start":{},"end":{}}],"line":140},"20":{"loc":{"start":{"line":141,"column":12},"end":{"line":143,"column":13}},"type":"if","locations":[{"start":{"line":141,"column":12},"end":{"line":143,"column":13}},{"start":{},"end":{}}],"line":141},"21":{"loc":{"start":{"line":141,"column":16},"end":{"line":141,"column":101}},"type":"binary-expr","locations":[{"start":{"line":141,"column":16},"end":{"line":141,"column":58}},{"start":{"line":141,"column":62},"end":{"line":141,"column":101}}],"line":141}},"s":{"0":1,"1":2,"2":2,"3":1,"4":1,"5":1,"6":1,"7":3,"8":3,"9":3,"10":1,"11":2,"12":1,"13":1,"14":1,"15":1,"16":4,"17":4,"18":4,"19":1,"20":3,"21":2,"22":1,"23":1,"24":1,"25":1,"26":1,"27":2,"28":2,"29":2,"30":1,"31":1,"32":1,"33":1,"34":4,"35":4,"36":4,"37":1,"38":3,"39":2,"40":1,"41":1,"42":1,"43":1,"44":1,"45":4,"46":4,"47":4,"48":1,"49":3,"50":2,"51":1,"52":1,"53":1,"54":1,"55":1,"56":6,"57":6,"58":6,"59":1,"60":5,"61":1,"62":4,"63":4,"64":1,"65":3,"66":3,"67":1,"68":2,"69":2,"70":2,"71":1,"72":1,"73":1},"f":{"0":2,"1":3,"2":4,"3":2,"4":4,"5":4,"6":6},"b":{"0":[1,2],"1":[1,3],"2":[1,1],"3":[0],"4":[2],"5":[0],"6":[0],"7":[0],"8":[2],"9":[2],"10":[2],"11":[2],"12":[1,3],"13":[1,1],"14":[1,3],"15":[1,1],"16":[1,5],"17":[1,4],"18":[1,3],"19":[3,0],"20":[1,2],"21":[3,3]},"inputSourceMap":null,"_coverageSchema":"1a1c01bbd47fc00a2c39e90264f33305004495a9","hash":"09d0b98ce64d6163e288cbd99b049f369ea60464"}
,"/opt/prismic/back/src/routes/authRoute.js": {"path":"/opt/prismic/back/src/routes/authRoute.js","statementMap":{"0":{"start":{"line":5,"column":15},"end":{"line":5,"column":23}},"1":{"start":{"line":24,"column":0},"end":{"line":24,"column":54}}},"fnMap":{},"branchMap":{},"s":{"0":1,"1":1},"f":{},"b":{},"inputSourceMap":null,"_coverageSchema":"1a1c01bbd47fc00a2c39e90264f33305004495a9","hash":"8497f05c5fe9aa9c2eeac004a6083f1b68dc2087"}
,"/opt/prismic/back/src/routes/experimentRoute.js": {"path":"/opt/prismic/back/src/routes/experimentRoute.js","statementMap":{"0":{"start":{"line":27,"column":15},"end":{"line":27,"column":23}},"1":{"start":{"line":36,"column":0},"end":{"line":36,"column":46}},"2":{"start":{"line":46,"column":0},"end":{"line":46,"column":70}},"3":{"start":{"line":56,"column":0},"end":{"line":56,"column":76}},"4":{"start":{"line":66,"column":0},"end":{"line":66,"column":45}},"5":{"start":{"line":76,"column":0},"end":{"line":76,"column":85}},"6":{"start":{"line":86,"column":0},"end":{"line":86,"column":79}},"7":{"start":{"line":96,"column":0},"end":{"line":96,"column":46}}},"fnMap":{},"branchMap":{},"s":{"0":1,"1":1,"2":1,"3":1,"4":1,"5":1,"6":1,"7":1},"f":{},"b":{},"inputSourceMap":null,"_coverageSchema":"1a1c01bbd47fc00a2c39e90264f33305004495a9","hash":"29e926fa67fb699e9c3d3d748d6f56a71836bbc8"}
}
