TN:
SF:src/app.js
FNF:0
FNH:0
DA:10,1
DA:16,1
DA:22,1
DA:24,1
DA:29,1
DA:32,1
DA:33,1
LF:7
LH:7
BRF:0
BRH:0
end_of_record
TN:
SF:src/config/swagger.js
FNF:0
FNH:0
DA:4,1
DA:5,1
DA:7,1
LF:3
LH:3
BRF:0
BRH:0
end_of_record
TN:
SF:src/controllers/experimentController.js
FN:5,(anonymous_0)
FN:15,(anonymous_1)
FN:29,(anonymous_2)
FN:49,(anonymous_3)
FN:89,(anonymous_4)
FN:106,(anonymous_5)
FN:124,(anonymous_6)
FNF:7
FNH:7
FNDA:2,(anonymous_0)
FNDA:3,(anonymous_1)
FNDA:4,(anonymous_2)
FNDA:2,(anonymous_3)
FNDA:4,(anonymous_4)
FNDA:4,(anonymous_5)
FNDA:6,(anonymous_6)
DA:5,1
DA:6,2
DA:7,2
DA:8,1
DA:10,1
DA:11,1
DA:15,1
DA:16,3
DA:17,3
DA:18,3
DA:19,1
DA:21,2
DA:22,1
DA:24,1
DA:25,1
DA:29,1
DA:30,4
DA:31,4
DA:33,4
DA:34,1
DA:36,3
DA:37,2
DA:38,1
DA:40,1
DA:42,1
DA:43,1
DA:49,1
DA:50,2
DA:64,2
DA:66,2
DA:81,1
DA:83,1
DA:84,1
DA:89,1
DA:90,4
DA:91,4
DA:92,4
DA:93,1
DA:95,3
DA:96,2
DA:97,1
DA:99,1
DA:101,1
DA:102,1
DA:106,1
DA:107,4
DA:108,4
DA:109,4
DA:110,1
DA:112,3
DA:113,2
DA:114,1
DA:116,1
DA:118,1
DA:119,1
DA:124,1
DA:125,6
DA:126,6
DA:127,6
DA:128,1
DA:131,5
DA:132,1
DA:135,4
DA:136,4
DA:137,1
DA:140,3
DA:141,3
DA:142,1
DA:144,2
DA:145,2
DA:148,2
DA:150,1
DA:152,1
DA:153,1
LF:74
LH:74
BRDA:18,0,0,1
BRDA:18,0,1,2
BRDA:33,1,0,1
BRDA:33,1,1,3
BRDA:37,2,0,1
BRDA:37,2,1,1
BRDA:52,3,0,0
BRDA:55,4,0,2
BRDA:57,5,0,0
BRDA:58,6,0,0
BRDA:59,7,0,0
BRDA:60,8,0,2
BRDA:61,9,0,2
BRDA:62,10,0,2
BRDA:63,11,0,2
BRDA:92,12,0,1
BRDA:92,12,1,3
BRDA:96,13,0,1
BRDA:96,13,1,1
BRDA:109,14,0,1
BRDA:109,14,1,3
BRDA:113,15,0,1
BRDA:113,15,1,1
BRDA:127,16,0,1
BRDA:127,16,1,5
BRDA:131,17,0,1
BRDA:131,17,1,4
BRDA:136,18,0,1
BRDA:136,18,1,3
BRDA:140,19,0,3
BRDA:140,19,1,0
BRDA:141,20,0,1
BRDA:141,20,1,2
BRDA:141,21,0,3
BRDA:141,21,1,3
BRF:35
BRH:30
end_of_record
TN:
SF:src/routes/authRoute.js
FNF:0
FNH:0
DA:5,1
DA:24,1
LF:2
LH:2
BRF:0
BRH:0
end_of_record
TN:
SF:src/routes/experimentRoute.js
FNF:0
FNH:0
DA:27,1
DA:36,1
DA:46,1
DA:56,1
DA:66,1
DA:76,1
DA:86,1
DA:96,1
LF:8
LH:8
BRF:0
BRH:0
end_of_record
